<?xml version="1.0" encoding="utf-8"?><testsuites name="pytest tests"><testsuite name="pytest" errors="0" failures="0" skipped="0" tests="31" time="5.316" timestamp="2026-09-21T13:43:53.205160+00:00" hostname="agent-env-a49fbd56-53c1-4a2f-b194-ed48e5fb3af0"><testcase classname="tests.test_lamaisondauben.TestPublicContent" name="test_settings" time="0.211" /><testcase classname="tests.test_lamaisondauben.TestTaxInclusiveAndOwnerNotified" name="test_categories_include_sport_no_investissement" time="0.133" /><testcase classname="tests.test_lamaisondauben.TestTaxInclusiveAndOwnerNotified" name="test_budget_mensuel_price_7_99_with_main_image" time="0.067" /><testcase classname="tests.test_lamaisondauben.TestPublicContent" name="test_categories" time="0.291" /><testcase classname="tests.test_lamaisondauben.TestTaxInclusiveAndOwnerNotified" name="test_latest_paid_order_is_tax_inclusive_and_owner_notified" time="0.371" /><testcase classname="tests.test_lamaisondauben.TestPublicContent" name="test_products" time="0.077" /><testcase classname="tests.test_lamaisondauben.TestTaxInclusiveAndOwnerNotified" name="test_idempotency_no_duplicate_orders_per_session" time="1.074" /><testcase classname="tests.test_lamaisondauben.TestPublicContent" name="test_product_detail" time="0.074" /><testcase classname="tests.test_lamaisondauben.TestPublicContent" name="test_product_not_found" time="0.078" /><testcase classname="tests.test_lamaisondauben.TestPublicContent" name="test_articles" time="0.069" /><testcase classname="tests.test_lamaisondauben.TestPublicContent" name="test_article_detail" time="0.074" /><testcase classname="tests.test_lamaisondauben.TestPublicContent" name="test_faq" time="0.107" /><testcase classname="tests.test_lamaisondauben.TestAdminAuth" name="test_login_success" time="0.302" /><testcase classname="tests.test_lamaisondauben.TestAdminAuth" name="test_login_bad_password" time="0.288" /><testcase classname="tests.test_lamaisondauben.TestAdminAuth" name="test_me_without_token" time="0.071" /><testcase classname="tests.test_lamaisondauben.TestTaxInclusiveAndOwnerNotified" name="test_stripe_config_log_present" time="0.001" /><testcase classname="tests.test_lamaisondauben.TestTaxInclusiveAndOwnerNotified" name="test_checkout_session_id_is_test_mode" time="1.013" /><testcase classname="tests.test_lamaisondauben.TestAdminAuth" name="test_me_with_token" time="1.017" /><testcase classname="tests.test_lamaisondauben.TestTaxInclusiveAndOwnerNotified" name="test_download_bogus_token_returns_404" time="0.073" /><testcase classname="tests.test_lamaisondauben.TestAdminAuth" name="test_orders_requires_token" time="0.085" /><testcase classname="tests.test_lamaisondauben.TestTaxInclusiveAndOwnerNotified" name="test_paid_xlsx_not_served_via_media_endpoint" time="0.433" /><testcase classname="tests.test_lamaisondauben.TestAdminAuth" name="test_orders_with_token" time="0.281" /><testcase classname="tests.test_lamaisondauben.TestAdminAuth" name="test_newsletter_admin" time="0.070" /><testcase classname="tests.test_lamaisondauben.TestAdminAuth" name="test_messages_admin" time="0.079" /><testcase classname="tests.test_lamaisondauben.TestTaxInclusiveAndOwnerNotified" name="test_download_endpoint_on_latest_order" time="1.325" /><testcase classname="tests.test_lamaisondauben.TestPayments" name="test_checkout" time="0.664" /><testcase classname="tests.test_lamaisondauben.TestPayments" name="test_payment_status_pending" time="0.590" /><testcase classname="tests.test_lamaisondauben.TestPayments" name="test_payment_status_bad" time="0.079" /><testcase classname="tests.test_lamaisondauben.TestNewsletterContact" name="test_newsletter_no_consent" time="0.075" /><testcase classname="tests.test_lamaisondauben.TestNewsletterContact" name="test_newsletter_subscribe" time="0.127" /><testcase classname="tests.test_lamaisondauben.TestNewsletterContact" name="test_contact" time="0.067" /></testsuite></testsuites>